<?xml version="1.0" encoding="UTF-8"?>
<!-- Generated by org.testng.reporters.JUnitReportReporter -->
<testsuite hostname="SAI" failures="0" tests="1" name="com.banking.master.EmplNg" time="14.930" errors="0" timestamp="2023-05-17T11:03:56 IST" skipped="0">
  <testcase classname="com.banking.master.EmplNg" name="empl" time="14.930"/>
  <system-out/>
</testsuite> <!-- com.banking.master.EmplNg -->
