<?xml version="1.0" encoding="UTF-8"?>
<!-- Generated by org.testng.reporters.JUnitReportReporter -->
<testsuite hostname="SAI" failures="0" tests="1" name="com.banking.master.RoleNG" time="3.890" errors="0" timestamp="2023-05-17T11:03:56 IST" skipped="0">
  <testcase classname="com.banking.master.RoleNG" name="Rol" time="3.890"/>
  <system-out/>
</testsuite> <!-- com.banking.master.RoleNG -->
