<?xml version="1.0" encoding="UTF-8"?>
<!-- Generated by org.testng.reporters.JUnitReportReporter -->
<testsuite hostname="SAI" failures="0" tests="1" name="com.banking.master.Exepom" time="6.923" errors="0" timestamp="2023-05-18T19:02:22 IST" skipped="0">
  <testcase classname="com.banking.master.Exepom" name="pom" time="6.923"/>
  <system-out/>
</testsuite> <!-- com.banking.master.Exepom -->
