<?xml version="1.0" encoding="UTF-8"?>
<!-- Generated by org.testng.reporters.JUnitReportReporter -->
<testsuite hostname="SAI" failures="0" tests="3" name="com.banking.master.BranchNG" time="4.702" errors="0" timestamp="2023-05-17T11:48:31 IST" skipped="0">
  <testcase classname="com.banking.master.BranchNG" name="Brnch" time="1.164"/>
  <system-out/>
  <testcase classname="com.banking.master.BranchNG" name="Brnch" time="2.238"/>
  <system-out/>
  <testcase classname="com.banking.master.BranchNG" name="Brnch" time="1.300"/>
  <system-out/>
</testsuite> <!-- com.banking.master.BranchNG -->
